<?xml version="1.0" encoding="UTF-8"?>
<!-- Generated by org.testng.reporters.JUnitReportReporter -->
<testsuite hostname="Vishwas" failures="0" tests="1" name="page_Factory.PageFactory_intialisation" time="22.262" errors="0" timestamp="2024-03-21T12:13:38 IST" skipped="0">
  <testcase classname="page_Factory.PageFactory_intialisation" name="intialisation" time="22.262"/>
  <system-out/>
</testsuite> <!-- page_Factory.PageFactory_intialisation -->
