<?xml version="1.0" encoding="UTF-8"?>
<!-- Generated by org.testng.reporters.JUnitReportReporter -->
<testsuite hostname="Vishwas" failures="0" tests="2" name="dataProvider.Multiple_Inputs" time="20.434" errors="0" timestamp="2024-03-20T18:48:15 IST" skipped="0">
  <testcase classname="dataProvider.Multiple_Inputs" name="login" time="8.951"/>
  <system-out/>
  <testcase classname="dataProvider.Multiple_Inputs" name="login" time="11.483"/>
  <system-out/>
</testsuite> <!-- dataProvider.Multiple_Inputs -->
